2026-05-22 10:54:13 [INFO] c.i.InventoryServiceApplication - Starting InventoryServiceApplication using Java 21.0.10 with PID 23916 (C:\Users\lenovo\Desktop\Presidency\CapG\Project Microservices\inventory_service\inventory_service\target\classes started by lenovo in C:\Users\lenovo\Desktop\Presidency\CapG\Project Microservices\inventory_service\inventory_service)
2026-05-22 10:54:13 [INFO] c.i.InventoryServiceApplication - No active profile set, falling back to 1 default profile: "default"
2026-05-22 10:54:15 [INFO] o.s.d.r.c.RepositoryConfigurationDelegate - Bootstrapping Spring Data JPA repositories in DEFAULT mode.
2026-05-22 10:54:15 [INFO] o.s.d.r.c.RepositoryConfigurationDelegate - Finished Spring Data repository scanning in 129 ms. Found 2 JPA repository interfaces.
2026-05-22 10:54:15 [INFO] o.s.cloud.context.scope.GenericScope - BeanFactory id=55f3158e-e985-3e02-9644-c28b5b4adf5b
2026-05-22 10:54:16 [INFO] o.s.b.w.e.tomcat.TomcatWebServer - Tomcat initialized with port 8082 (http)
2026-05-22 10:54:16 [INFO] o.a.catalina.core.StandardService - Starting service [Tomcat]
2026-05-22 10:54:16 [INFO] o.a.catalina.core.StandardEngine - Starting Servlet engine: [Apache Tomcat/10.1.53]
2026-05-22 10:54:16 [INFO] o.a.c.c.C.[Tomcat].[localhost].[/] - Initializing Spring embedded WebApplicationContext
2026-05-22 10:54:16 [INFO] o.s.b.w.s.c.ServletWebServerApplicationContext - Root WebApplicationContext: initialization completed in 3484 ms
2026-05-22 10:54:17 [INFO] o.h.jpa.internal.util.LogHelper - HHH000204: Processing PersistenceUnitInfo [name: default]
2026-05-22 10:54:17 [INFO] org.hibernate.Version - HHH000412: Hibernate ORM core version 6.6.45.Final
2026-05-22 10:54:17 [INFO] o.h.c.i.RegionFactoryInitiator - HHH000026: Second-level cache disabled
2026-05-22 10:54:18 [INFO] o.s.o.j.p.SpringPersistenceUnitInfo - No LoadTimeWeaver setup: ignoring JPA class transformer
2026-05-22 10:54:18 [INFO] com.zaxxer.hikari.HikariDataSource - HikariPool-1 - Starting...
2026-05-22 10:54:18 [INFO] com.zaxxer.hikari.pool.HikariPool - HikariPool-1 - Added connection com.mysql.cj.jdbc.ConnectionImpl@75d95b67
2026-05-22 10:54:18 [INFO] com.zaxxer.hikari.HikariDataSource - HikariPool-1 - Start completed.
2026-05-22 10:54:18 [WARN] org.hibernate.orm.deprecation - HHH90000025: MySQLDialect does not need to be specified explicitly using 'hibernate.dialect' (remove the property setting and it will be selected by default)
2026-05-22 10:54:18 [INFO] o.hibernate.orm.connections.pooling - HHH10001005: Database info:
	Database JDBC URL [Connecting through datasource 'HikariDataSource (HikariPool-1)']
	Database driver: undefined/unknown
	Database version: 8.0.44
	Autocommit mode: undefined/unknown
	Isolation level: undefined/unknown
	Minimum pool size: undefined/unknown
	Maximum pool size: undefined/unknown
2026-05-22 10:54:20 [INFO] o.h.e.t.j.p.i.JtaPlatformInitiator - HHH000489: No JTA platform available (set 'hibernate.transaction.jta.platform' to enable JTA platform integration)
2026-05-22 10:54:20 [INFO] o.s.o.j.LocalContainerEntityManagerFactoryBean - Initialized JPA EntityManagerFactory for persistence unit 'default'
2026-05-22 10:54:22 [WARN] o.s.b.a.o.j.JpaBaseConfiguration$JpaWebConfiguration - spring.jpa.open-in-view is enabled by default. Therefore, database queries may be performed during view rendering. Explicitly configure spring.jpa.open-in-view to disable this warning
2026-05-22 10:54:23 [INFO] o.s.b.a.e.web.EndpointLinksResolver - Exposing 1 endpoint beneath base path '/actuator'
2026-05-22 10:54:23 [WARN] o.s.b.a.s.s.UserDetailsServiceAutoConfiguration - 

Using generated security password: 2f534a17-1dd9-4283-86f9-a991a51a1b33

This generated password is for development use only. Your security configuration must be updated before running your application in production.

2026-05-22 10:54:23 [INFO] o.s.s.c.a.a.c.InitializeUserDetailsBeanManagerConfigurer$InitializeUserDetailsManagerConfigurer - Global AuthenticationManager configured with UserDetailsService bean with name inMemoryUserDetailsManager
2026-05-22 10:54:25 [INFO] o.s.c.n.e.c.DiscoveryClientOptionalArgsConfiguration - Eureka HTTP Client uses RestTemplate.
2026-05-22 10:54:25 [WARN] o.s.c.l.c.LoadBalancerCacheAutoConfiguration$LoadBalancerCaffeineWarnLogger - Spring Cloud LoadBalancer is currently working with the default cache. While this cache implementation is useful for development and tests, it's recommended to use Caffeine cache in production.You can switch to using Caffeine cache, by adding it and org.springframework.cache.caffeine.CaffeineCacheManager to the classpath.
2026-05-22 10:54:25 [INFO] o.s.c.n.eureka.InstanceInfoFactory - Setting initial instance status as: STARTING
2026-05-22 10:54:25 [INFO] c.netflix.discovery.DiscoveryClient - Initializing Eureka in region us-east-1
2026-05-22 10:54:25 [INFO] c.n.d.s.r.aws.ConfigClusterResolver - Resolving eureka endpoints via configuration
2026-05-22 10:54:25 [INFO] c.netflix.discovery.DiscoveryClient - Disable delta property : false
2026-05-22 10:54:25 [INFO] c.netflix.discovery.DiscoveryClient - Single vip registry refresh property : null
2026-05-22 10:54:25 [INFO] c.netflix.discovery.DiscoveryClient - Force full registry fetch : false
2026-05-22 10:54:25 [INFO] c.netflix.discovery.DiscoveryClient - Application is null : false
2026-05-22 10:54:25 [INFO] c.netflix.discovery.DiscoveryClient - Registered Applications size is zero : true
2026-05-22 10:54:25 [INFO] c.netflix.discovery.DiscoveryClient - Application version is -1: true
2026-05-22 10:54:25 [INFO] c.netflix.discovery.DiscoveryClient - Getting all instance registry info from the eureka server
2026-05-22 10:54:26 [INFO] c.netflix.discovery.DiscoveryClient - The response status is 200
2026-05-22 10:54:26 [INFO] c.netflix.discovery.DiscoveryClient - Starting heartbeat executor: renew interval is: 30
2026-05-22 10:54:26 [INFO] c.n.discovery.InstanceInfoReplicator - InstanceInfoReplicator onDemand update allowed rate per min is 4
2026-05-22 10:54:26 [INFO] c.netflix.discovery.DiscoveryClient - Discovery Client initialized at timestamp 1779427466629 with initial instances count: 0
2026-05-22 10:54:26 [INFO] o.s.c.n.e.s.EurekaServiceRegistry - Registering application INVENTORY-SERVICE with eureka with status UP
2026-05-22 10:54:26 [INFO] c.netflix.discovery.DiscoveryClient - Saw local status change event StatusChangeEvent [timestamp=1779427466669, current=UP, previous=STARTING]
2026-05-22 10:54:26 [INFO] c.netflix.discovery.DiscoveryClient - DiscoveryClient_INVENTORY-SERVICE/satvikkr:inventory-service:8082: registering service...
2026-05-22 10:54:26 [INFO] o.s.b.w.e.tomcat.TomcatWebServer - Tomcat started on port 8082 (http) with context path '/'
2026-05-22 10:54:26 [INFO] o.s.c.n.e.s.EurekaAutoServiceRegistration - Updating port to 8082
2026-05-22 10:54:26 [INFO] c.netflix.discovery.DiscoveryClient - DiscoveryClient_INVENTORY-SERVICE/satvikkr:inventory-service:8082 - registration status: 204
2026-05-22 10:54:26 [INFO] c.i.InventoryServiceApplication - Started InventoryServiceApplication in 14.097 seconds (process running for 17.369)
2026-05-22 10:54:56 [INFO] c.netflix.discovery.DiscoveryClient - Disable delta property : false
2026-05-22 10:54:56 [INFO] c.netflix.discovery.DiscoveryClient - Single vip registry refresh property : null
2026-05-22 10:54:56 [INFO] c.netflix.discovery.DiscoveryClient - Force full registry fetch : false
2026-05-22 10:54:56 [INFO] c.netflix.discovery.DiscoveryClient - Application is null : false
2026-05-22 10:54:56 [INFO] c.netflix.discovery.DiscoveryClient - Registered Applications size is zero : true
2026-05-22 10:54:56 [INFO] c.netflix.discovery.DiscoveryClient - Application version is -1: false
2026-05-22 10:54:56 [INFO] c.netflix.discovery.DiscoveryClient - Getting all instance registry info from the eureka server
2026-05-22 10:54:57 [INFO] c.netflix.discovery.DiscoveryClient - The response status is 200
2026-05-22 10:59:25 [INFO] c.n.d.s.r.aws.ConfigClusterResolver - Resolving eureka endpoints via configuration
2026-05-22 11:04:25 [INFO] c.n.d.s.r.aws.ConfigClusterResolver - Resolving eureka endpoints via configuration
2026-05-22 11:09:25 [INFO] c.n.d.s.r.aws.ConfigClusterResolver - Resolving eureka endpoints via configuration
2026-05-22 11:12:49 [INFO] o.a.c.c.C.[Tomcat].[localhost].[/] - Initializing Spring DispatcherServlet 'dispatcherServlet'
2026-05-22 11:12:49 [INFO] o.s.web.servlet.DispatcherServlet - Initializing Servlet 'dispatcherServlet'
2026-05-22 11:12:49 [INFO] o.s.web.servlet.DispatcherServlet - Completed initialization in 162 ms
2026-05-22 11:12:50 [INFO] c.i.aop.LoggingAspect - ➡️ [INVENTORY CONTROLLER] ResponseEntity com.inventory_service.controller.InventoryController.getAllComponents()
2026-05-22 11:12:50 [INFO] c.i.aop.PerformanceAspect - ⏱ [INVENTORY] List com.inventory_service.service.impl.InventoryServiceImpl.getAllComponents() executed in 703 ms
2026-05-22 11:12:50 [INFO] c.i.aop.LoggingAspect - ✅ [INVENTORY SERVICE] List com.inventory_service.service.impl.InventoryServiceImpl.getAllComponents()
2026-05-22 11:13:05 [INFO] c.i.aop.LoggingAspect - ➡️ [INVENTORY CONTROLLER] ResponseEntity com.inventory_service.controller.InventoryController.getAllComponents()
2026-05-22 11:13:05 [INFO] c.i.aop.PerformanceAspect - ⏱ [INVENTORY] List com.inventory_service.service.impl.InventoryServiceImpl.getAllComponents() executed in 11 ms
2026-05-22 11:13:05 [INFO] c.i.aop.LoggingAspect - ✅ [INVENTORY SERVICE] List com.inventory_service.service.impl.InventoryServiceImpl.getAllComponents()
2026-05-22 11:13:22 [INFO] c.i.aop.LoggingAspect - ➡️ [INVENTORY CONTROLLER] ResponseEntity com.inventory_service.controller.InventoryController.validateComponents(List)
2026-05-22 11:13:22 [INFO] c.i.aop.PerformanceAspect - ⏱ [INVENTORY] Map com.inventory_service.service.impl.InventoryServiceImpl.validateComponents(List) executed in 92 ms
2026-05-22 11:13:22 [INFO] c.i.aop.LoggingAspect - ✅ [INVENTORY SERVICE] Map com.inventory_service.service.impl.InventoryServiceImpl.validateComponents(List)
2026-05-22 11:13:54 [INFO] c.i.aop.LoggingAspect - ➡️ [INVENTORY CONTROLLER] ResponseEntity com.inventory_service.controller.InventoryController.getAllComponents()
2026-05-22 11:13:54 [INFO] c.i.aop.PerformanceAspect - ⏱ [INVENTORY] List com.inventory_service.service.impl.InventoryServiceImpl.getAllComponents() executed in 12 ms
2026-05-22 11:13:54 [INFO] c.i.aop.LoggingAspect - ✅ [INVENTORY SERVICE] List com.inventory_service.service.impl.InventoryServiceImpl.getAllComponents()
2026-05-22 11:14:25 [INFO] c.n.d.s.r.aws.ConfigClusterResolver - Resolving eureka endpoints via configuration
2026-05-22 11:14:28 [INFO] c.i.aop.LoggingAspect - ➡️ [INVENTORY CONTROLLER] ResponseEntity com.inventory_service.controller.InventoryController.createComponent(CreateComponentDTO,Authentication)
2026-05-22 11:14:28 [INFO] c.i.aop.PerformanceAspect - ⏱ [INVENTORY] ComponentResponseDTO com.inventory_service.service.impl.InventoryServiceImpl.createComponent(CreateComponentDTO,CurrentUser) executed in 195 ms
2026-05-22 11:14:28 [INFO] c.i.aop.LoggingAspect - ✅ [INVENTORY SERVICE] ComponentResponseDTO com.inventory_service.service.impl.InventoryServiceImpl.createComponent(CreateComponentDTO,CurrentUser)
2026-05-22 11:14:30 [INFO] c.i.aop.LoggingAspect - ➡️ [INVENTORY CONTROLLER] ResponseEntity com.inventory_service.controller.InventoryController.getAllComponents()
2026-05-22 11:14:30 [INFO] c.i.aop.PerformanceAspect - ⏱ [INVENTORY] List com.inventory_service.service.impl.InventoryServiceImpl.getAllComponents() executed in 10 ms
2026-05-22 11:14:30 [INFO] c.i.aop.LoggingAspect - ✅ [INVENTORY SERVICE] List com.inventory_service.service.impl.InventoryServiceImpl.getAllComponents()
2026-05-22 11:15:02 [INFO] c.i.aop.LoggingAspect - ➡️ [INVENTORY CONTROLLER] ResponseEntity com.inventory_service.controller.InventoryController.getAvailableQuantities(List)
2026-05-22 11:15:02 [INFO] c.i.aop.PerformanceAspect - ⏱ [INVENTORY] Map com.inventory_service.service.impl.InventoryServiceImpl.getAvailableQuantities(List) executed in 39 ms
2026-05-22 11:15:02 [INFO] c.i.aop.LoggingAspect - ✅ [INVENTORY SERVICE] Map com.inventory_service.service.impl.InventoryServiceImpl.getAvailableQuantities(List)
2026-05-22 11:15:02 [INFO] c.i.aop.LoggingAspect - ➡️ [INVENTORY CONTROLLER] ResponseEntity com.inventory_service.controller.InventoryController.deductStock(BulkStockUpdateDTO,Authentication)
2026-05-22 11:15:02 [INFO] c.i.aop.PerformanceAspect - ⏱ [INVENTORY] List com.inventory_service.service.impl.InventoryServiceImpl.deductStock(BulkStockUpdateDTO,CurrentUser) executed in 32 ms
2026-05-22 11:15:02 [INFO] c.i.aop.LoggingAspect - ✅ [INVENTORY SERVICE] List com.inventory_service.service.impl.InventoryServiceImpl.deductStock(BulkStockUpdateDTO,CurrentUser)
2026-05-22 11:16:56 [INFO] c.i.aop.LoggingAspect - ➡️ [INVENTORY CONTROLLER] ResponseEntity com.inventory_service.controller.InventoryController.addBackStock(BulkStockUpdateDTO,Authentication)
2026-05-22 11:16:56 [INFO] c.i.aop.PerformanceAspect - ⏱ [INVENTORY] List com.inventory_service.service.impl.InventoryServiceImpl.addBackStock(BulkStockUpdateDTO,CurrentUser) executed in 11 ms
2026-05-22 11:16:56 [INFO] c.i.aop.LoggingAspect - ✅ [INVENTORY SERVICE] List com.inventory_service.service.impl.InventoryServiceImpl.addBackStock(BulkStockUpdateDTO,CurrentUser)
2026-05-22 11:19:25 [INFO] c.n.d.s.r.aws.ConfigClusterResolver - Resolving eureka endpoints via configuration
2026-05-22 11:21:39 [INFO] c.i.aop.LoggingAspect - ➡️ [INVENTORY CONTROLLER] ResponseEntity com.inventory_service.controller.InventoryController.getAllComponents()
2026-05-22 11:21:40 [INFO] c.i.aop.PerformanceAspect - ⏱ [INVENTORY] List com.inventory_service.service.impl.InventoryServiceImpl.getAllComponents() executed in 274 ms
2026-05-22 11:21:40 [INFO] c.i.aop.LoggingAspect - ✅ [INVENTORY SERVICE] List com.inventory_service.service.impl.InventoryServiceImpl.getAllComponents()
2026-05-22 11:24:25 [INFO] c.n.d.s.r.aws.ConfigClusterResolver - Resolving eureka endpoints via configuration
2026-05-22 11:29:25 [INFO] c.n.d.s.r.aws.ConfigClusterResolver - Resolving eureka endpoints via configuration
2026-05-22 11:34:25 [INFO] c.n.d.s.r.aws.ConfigClusterResolver - Resolving eureka endpoints via configuration
2026-05-22 12:35:05 [WARN] com.zaxxer.hikari.pool.HikariPool - HikariPool-1 - Thread starvation or clock leap detected (housekeeper delta=57m15s376ms316µs400ns).
2026-05-22 12:36:11 [INFO] c.n.d.s.r.aws.ConfigClusterResolver - Resolving eureka endpoints via configuration
