2026-05-22 10:54:34 [INFO] c.r.ReturnServiceApplication - Starting ReturnServiceApplication using Java 21.0.10 with PID 32668 (C:\Users\lenovo\Desktop\Presidency\CapG\Project Microservices\return-service\return-service\target\classes started by lenovo in C:\Users\lenovo\Desktop\Presidency\CapG\Project Microservices\return-service\return-service)
2026-05-22 10:54:34 [INFO] c.r.ReturnServiceApplication - No active profile set, falling back to 1 default profile: "default"
2026-05-22 10:54:41 [INFO] o.s.d.r.c.RepositoryConfigurationDelegate - Bootstrapping Spring Data JPA repositories in DEFAULT mode.
2026-05-22 10:54:42 [INFO] o.s.d.r.c.RepositoryConfigurationDelegate - Finished Spring Data repository scanning in 458 ms. Found 1 JPA repository interface.
2026-05-22 10:54:43 [INFO] o.s.cloud.context.scope.GenericScope - BeanFactory id=a9f39c3f-ff88-3278-977f-6760a780fe40
2026-05-22 10:54:45 [INFO] o.s.b.w.e.tomcat.TomcatWebServer - Tomcat initialized with port 8085 (http)
2026-05-22 10:54:45 [INFO] o.a.catalina.core.StandardService - Starting service [Tomcat]
2026-05-22 10:54:45 [INFO] o.a.catalina.core.StandardEngine - Starting Servlet engine: [Apache Tomcat/10.1.54]
2026-05-22 10:54:46 [INFO] o.a.c.c.C.[Tomcat].[localhost].[/] - Initializing Spring embedded WebApplicationContext
2026-05-22 10:54:46 [INFO] o.s.b.w.s.c.ServletWebServerApplicationContext - Root WebApplicationContext: initialization completed in 11225 ms
2026-05-22 10:54:46 [WARN] o.s.aop.framework.CglibAopProxy - Unable to proxy interface-implementing method [public final void org.springframework.web.filter.GenericFilterBean.init(jakarta.servlet.FilterConfig) throws jakarta.servlet.ServletException] because it is marked as final, consider using interface-based JDK proxies instead.
2026-05-22 10:54:47 [INFO] o.s.b.web.servlet.RegistrationBean - Filter jwtFilterRegistration was not registered (disabled)
2026-05-22 10:54:47 [INFO] o.h.jpa.internal.util.LogHelper - HHH000204: Processing PersistenceUnitInfo [name: default]
2026-05-22 10:54:48 [INFO] org.hibernate.Version - HHH000412: Hibernate ORM core version 6.6.49.Final
2026-05-22 10:54:48 [INFO] o.h.c.i.RegionFactoryInitiator - HHH000026: Second-level cache disabled
2026-05-22 10:54:49 [INFO] o.s.o.j.p.SpringPersistenceUnitInfo - No LoadTimeWeaver setup: ignoring JPA class transformer
2026-05-22 10:54:49 [INFO] com.zaxxer.hikari.HikariDataSource - HikariPool-1 - Starting...
2026-05-22 10:54:50 [INFO] com.zaxxer.hikari.pool.HikariPool - HikariPool-1 - Added connection com.mysql.cj.jdbc.ConnectionImpl@48a61e38
2026-05-22 10:54:50 [INFO] com.zaxxer.hikari.HikariDataSource - HikariPool-1 - Start completed.
2026-05-22 10:54:50 [WARN] org.hibernate.orm.deprecation - HHH90000025: MySQLDialect does not need to be specified explicitly using 'hibernate.dialect' (remove the property setting and it will be selected by default)
2026-05-22 10:54:50 [INFO] o.hibernate.orm.connections.pooling - HHH10001005: Database info:
	Database JDBC URL [Connecting through datasource 'HikariDataSource (HikariPool-1)']
	Database driver: undefined/unknown
	Database version: 8.0.44
	Autocommit mode: undefined/unknown
	Isolation level: undefined/unknown
	Minimum pool size: undefined/unknown
	Maximum pool size: undefined/unknown
2026-05-22 10:54:52 [INFO] o.h.e.t.j.p.i.JtaPlatformInitiator - HHH000489: No JTA platform available (set 'hibernate.transaction.jta.platform' to enable JTA platform integration)
2026-05-22 10:54:52 [INFO] o.s.o.j.LocalContainerEntityManagerFactoryBean - Initialized JPA EntityManagerFactory for persistence unit 'default'
2026-05-22 10:54:52 [WARN] o.s.b.a.o.j.JpaBaseConfiguration$JpaWebConfiguration - spring.jpa.open-in-view is enabled by default. Therefore, database queries may be performed during view rendering. Explicitly configure spring.jpa.open-in-view to disable this warning
2026-05-22 10:54:53 [INFO] o.s.c.o.FeignClientFactoryBean - For 'REQUEST-SERVICE' URL not provided. Will try picking an instance via load-balancing.
2026-05-22 10:54:53 [INFO] o.s.c.o.FeignClientFactoryBean - For 'INVENTORY-SERVICE' URL not provided. Will try picking an instance via load-balancing.
2026-05-22 10:54:54 [INFO] o.s.d.j.r.query.QueryEnhancerFactory - Hibernate is in classpath; If applicable, HQL parser will be used.
2026-05-22 10:54:56 [WARN] o.s.b.a.s.s.UserDetailsServiceAutoConfiguration - 

Using generated security password: ab92d590-7e74-4467-b162-26eab9620f04

This generated password is for development use only. Your security configuration must be updated before running your application in production.

2026-05-22 10:54:56 [INFO] o.s.s.c.a.a.c.InitializeUserDetailsBeanManagerConfigurer$InitializeUserDetailsManagerConfigurer - Global AuthenticationManager configured with UserDetailsService bean with name inMemoryUserDetailsManager
2026-05-22 10:54:58 [INFO] o.s.b.a.e.web.EndpointLinksResolver - Exposing 1 endpoint beneath base path '/actuator'
2026-05-22 10:54:59 [INFO] o.s.c.n.e.c.DiscoveryClientOptionalArgsConfiguration - Eureka HTTP Client uses RestTemplate.
2026-05-22 10:55:00 [WARN] o.s.c.l.c.LoadBalancerCacheAutoConfiguration$LoadBalancerCaffeineWarnLogger - Spring Cloud LoadBalancer is currently working with the default cache. While this cache implementation is useful for development and tests, it's recommended to use Caffeine cache in production.You can switch to using Caffeine cache, by adding it and org.springframework.cache.caffeine.CaffeineCacheManager to the classpath.
2026-05-22 10:55:00 [INFO] o.s.c.n.eureka.InstanceInfoFactory - Setting initial instance status as: STARTING
2026-05-22 10:55:00 [INFO] c.netflix.discovery.DiscoveryClient - Initializing Eureka in region us-east-1
2026-05-22 10:55:00 [INFO] c.n.d.s.r.aws.ConfigClusterResolver - Resolving eureka endpoints via configuration
2026-05-22 10:55:00 [INFO] c.netflix.discovery.DiscoveryClient - Disable delta property : false
2026-05-22 10:55:00 [INFO] c.netflix.discovery.DiscoveryClient - Single vip registry refresh property : null
2026-05-22 10:55:00 [INFO] c.netflix.discovery.DiscoveryClient - Force full registry fetch : false
2026-05-22 10:55:00 [INFO] c.netflix.discovery.DiscoveryClient - Application is null : false
2026-05-22 10:55:00 [INFO] c.netflix.discovery.DiscoveryClient - Registered Applications size is zero : true
2026-05-22 10:55:00 [INFO] c.netflix.discovery.DiscoveryClient - Application version is -1: true
2026-05-22 10:55:00 [INFO] c.netflix.discovery.DiscoveryClient - Getting all instance registry info from the eureka server
2026-05-22 10:55:00 [INFO] c.netflix.discovery.DiscoveryClient - The response status is 200
2026-05-22 10:55:00 [INFO] c.netflix.discovery.DiscoveryClient - Starting heartbeat executor: renew interval is: 30
2026-05-22 10:55:00 [INFO] c.n.discovery.InstanceInfoReplicator - InstanceInfoReplicator onDemand update allowed rate per min is 4
2026-05-22 10:55:00 [INFO] c.netflix.discovery.DiscoveryClient - Discovery Client initialized at timestamp 1779427500938 with initial instances count: 3
2026-05-22 10:55:00 [INFO] o.s.c.n.e.s.EurekaServiceRegistry - Registering application RETURN-SERVICE with eureka with status UP
2026-05-22 10:55:00 [INFO] c.netflix.discovery.DiscoveryClient - Saw local status change event StatusChangeEvent [timestamp=1779427500953, current=UP, previous=STARTING]
2026-05-22 10:55:00 [INFO] c.netflix.discovery.DiscoveryClient - DiscoveryClient_RETURN-SERVICE/satvikkr:return-service:8085: registering service...
2026-05-22 10:55:00 [INFO] o.s.b.w.e.tomcat.TomcatWebServer - Tomcat started on port 8085 (http) with context path '/'
2026-05-22 10:55:00 [INFO] o.s.c.n.e.s.EurekaAutoServiceRegistration - Updating port to 8085
2026-05-22 10:55:01 [INFO] c.netflix.discovery.DiscoveryClient - DiscoveryClient_RETURN-SERVICE/satvikkr:return-service:8085 - registration status: 204
2026-05-22 10:55:01 [INFO] c.r.ReturnServiceApplication - Started ReturnServiceApplication in 28.283 seconds (process running for 33.035)
2026-05-22 11:00:00 [INFO] c.n.d.s.r.aws.ConfigClusterResolver - Resolving eureka endpoints via configuration
2026-05-22 11:05:00 [INFO] c.n.d.s.r.aws.ConfigClusterResolver - Resolving eureka endpoints via configuration
2026-05-22 11:06:22 [INFO] o.a.c.c.C.[Tomcat].[localhost].[/] - Initializing Spring DispatcherServlet 'dispatcherServlet'
2026-05-22 11:06:22 [INFO] o.s.web.servlet.DispatcherServlet - Initializing Servlet 'dispatcherServlet'
2026-05-22 11:06:22 [INFO] o.s.web.servlet.DispatcherServlet - Completed initialization in 274 ms
2026-05-22 11:06:23 [INFO] c.return_service.aop.LoggingAspect - ➡️ [CONTROLLER] Entering: ResponseEntity com.return_service.controller.ReturnController.getReturns(Authentication)
2026-05-22 11:06:24 [INFO] c.r.aop.PerformanceAspect - List com.return_service.service.impl.ReturnServiceImpl.getReturns(CurrentUser) executed in 750 ms
2026-05-22 11:06:24 [INFO] c.return_service.aop.LoggingAspect - ✅ [SERVICE] Exiting: List com.return_service.service.impl.ReturnServiceImpl.getReturns(CurrentUser)
2026-05-22 11:07:08 [INFO] c.return_service.aop.LoggingAspect - ➡️ [CONTROLLER] Entering: ResponseEntity com.return_service.controller.ReturnController.getReturnById(String,Authentication)
2026-05-22 11:07:08 [INFO] c.r.aop.PerformanceAspect - ReturnResponseDTO com.return_service.service.impl.ReturnServiceImpl.getReturnById(String,CurrentUser) executed in 43 ms
2026-05-22 11:07:08 [INFO] c.return_service.aop.LoggingAspect - ✅ [SERVICE] Exiting: ReturnResponseDTO com.return_service.service.impl.ReturnServiceImpl.getReturnById(String,CurrentUser)
2026-05-22 11:10:00 [INFO] c.n.d.s.r.aws.ConfigClusterResolver - Resolving eureka endpoints via configuration
2026-05-22 11:12:45 [INFO] c.return_service.aop.LoggingAspect - ➡️ [CONTROLLER] Entering: ResponseEntity com.return_service.controller.ReturnController.getReturns(Authentication)
2026-05-22 11:12:45 [INFO] c.r.aop.PerformanceAspect - List com.return_service.service.impl.ReturnServiceImpl.getReturns(CurrentUser) executed in 136 ms
2026-05-22 11:12:45 [INFO] c.return_service.aop.LoggingAspect - ✅ [SERVICE] Exiting: List com.return_service.service.impl.ReturnServiceImpl.getReturns(CurrentUser)
2026-05-22 11:15:00 [INFO] c.n.d.s.r.aws.ConfigClusterResolver - Resolving eureka endpoints via configuration
2026-05-22 11:16:55 [INFO] c.return_service.aop.LoggingAspect - ➡️ [CONTROLLER] Entering: ResponseEntity com.return_service.controller.ReturnController.processReturn(ProcessReturnRequestDTO,Authentication)
2026-05-22 11:16:56 [INFO] c.r.aop.PerformanceAspect - RequestResponseDTO com.return_service.service.RequestClient.getRequestById(String) executed in 955 ms
2026-05-22 11:16:56 [INFO] c.return_service.aop.LoggingAspect - ✅ [SERVICE] Exiting: RequestResponseDTO com.return_service.service.RequestClient.getRequestById(String)
2026-05-22 11:16:56 [INFO] c.r.aop.PerformanceAspect - List com.return_service.service.InventoryClient.addBackStock(BulkAddBackRequestDTO) executed in 143 ms
2026-05-22 11:16:56 [INFO] c.return_service.aop.LoggingAspect - ✅ [SERVICE] Exiting: List com.return_service.service.InventoryClient.addBackStock(BulkAddBackRequestDTO)
2026-05-22 11:16:56 [INFO] c.r.aop.PerformanceAspect - ReturnResponseDTO com.return_service.service.impl.ReturnServiceImpl.processReturn(ProcessReturnRequestDTO,CurrentUser) executed in 1236 ms
2026-05-22 11:16:56 [INFO] c.return_service.aop.LoggingAspect - ✅ [SERVICE] Exiting: ReturnResponseDTO com.return_service.service.impl.ReturnServiceImpl.processReturn(ProcessReturnRequestDTO,CurrentUser)
2026-05-22 11:17:01 [INFO] c.return_service.aop.LoggingAspect - ➡️ [CONTROLLER] Entering: ResponseEntity com.return_service.controller.ReturnController.getReturns(Authentication)
2026-05-22 11:17:01 [INFO] c.r.aop.PerformanceAspect - List com.return_service.service.impl.ReturnServiceImpl.getReturns(CurrentUser) executed in 28 ms
2026-05-22 11:17:01 [INFO] c.return_service.aop.LoggingAspect - ✅ [SERVICE] Exiting: List com.return_service.service.impl.ReturnServiceImpl.getReturns(CurrentUser)
2026-05-22 11:17:12 [INFO] c.return_service.aop.LoggingAspect - ➡️ [CONTROLLER] Entering: ResponseEntity com.return_service.controller.ReturnController.getReturnById(String,Authentication)
2026-05-22 11:17:12 [INFO] c.r.aop.PerformanceAspect - ReturnResponseDTO com.return_service.service.impl.ReturnServiceImpl.getReturnById(String,CurrentUser) executed in 9 ms
2026-05-22 11:17:12 [INFO] c.return_service.aop.LoggingAspect - ✅ [SERVICE] Exiting: ReturnResponseDTO com.return_service.service.impl.ReturnServiceImpl.getReturnById(String,CurrentUser)
2026-05-22 11:17:31 [INFO] c.return_service.aop.LoggingAspect - ➡️ [CONTROLLER] Entering: ResponseEntity com.return_service.controller.ReturnController.getReturns(Authentication)
2026-05-22 11:17:31 [INFO] c.r.aop.PerformanceAspect - List com.return_service.service.impl.ReturnServiceImpl.getReturns(CurrentUser) executed in 17 ms
2026-05-22 11:17:31 [INFO] c.return_service.aop.LoggingAspect - ✅ [SERVICE] Exiting: List com.return_service.service.impl.ReturnServiceImpl.getReturns(CurrentUser)
2026-05-22 11:17:41 [INFO] c.return_service.aop.LoggingAspect - ➡️ [CONTROLLER] Entering: ResponseEntity com.return_service.controller.ReturnController.getReturns(Authentication)
2026-05-22 11:17:41 [INFO] c.r.aop.PerformanceAspect - List com.return_service.service.impl.ReturnServiceImpl.getReturns(CurrentUser) executed in 14 ms
2026-05-22 11:17:41 [INFO] c.return_service.aop.LoggingAspect - ✅ [SERVICE] Exiting: List com.return_service.service.impl.ReturnServiceImpl.getReturns(CurrentUser)
2026-05-22 11:20:00 [INFO] c.n.d.s.r.aws.ConfigClusterResolver - Resolving eureka endpoints via configuration
2026-05-22 11:25:00 [INFO] c.n.d.s.r.aws.ConfigClusterResolver - Resolving eureka endpoints via configuration
2026-05-22 11:30:00 [INFO] c.n.d.s.r.aws.ConfigClusterResolver - Resolving eureka endpoints via configuration
2026-05-22 11:35:00 [INFO] c.n.d.s.r.aws.ConfigClusterResolver - Resolving eureka endpoints via configuration
2026-05-22 12:35:06 [WARN] com.zaxxer.hikari.pool.HikariPool - HikariPool-1 - Thread starvation or clock leap detected (housekeeper delta=57m15s370ms685µs900ns).
