2026-05-20 09:35:22 [INFO] c.i.IssueServiceApplication - Starting IssueServiceApplication using Java 21.0.10 with PID 33540 (C:\Users\lenovo\Desktop\Presidency\CapG\Project Microservices\issue-service\issue-service\target\classes started by lenovo in C:\Users\lenovo\Desktop\Presidency\CapG\Project Microservices\issue-service\issue-service)
2026-05-20 09:35:22 [INFO] c.i.IssueServiceApplication - No active profile set, falling back to 1 default profile: "default"
2026-05-20 09:35:24 [INFO] o.s.d.r.c.RepositoryConfigurationDelegate - Bootstrapping Spring Data JPA repositories in DEFAULT mode.
2026-05-20 09:35:24 [INFO] o.s.d.r.c.RepositoryConfigurationDelegate - Finished Spring Data repository scanning in 215 ms. Found 1 JPA repository interface.
2026-05-20 09:35:25 [INFO] o.s.cloud.context.scope.GenericScope - BeanFactory id=958eaa54-57da-3a86-bace-d7d2c5306653
2026-05-20 09:35:26 [INFO] o.s.b.w.e.tomcat.TomcatWebServer - Tomcat initialized with port 8084 (http)
2026-05-20 09:35:26 [INFO] o.a.catalina.core.StandardService - Starting service [Tomcat]
2026-05-20 09:35:26 [INFO] o.a.catalina.core.StandardEngine - Starting Servlet engine: [Apache Tomcat/10.1.54]
2026-05-20 09:35:26 [INFO] o.a.c.c.C.[Tomcat].[localhost].[/] - Initializing Spring embedded WebApplicationContext
2026-05-20 09:35:26 [INFO] o.s.b.w.s.c.ServletWebServerApplicationContext - Root WebApplicationContext: initialization completed in 3824 ms
2026-05-20 09:35:26 [WARN] o.s.aop.framework.CglibAopProxy - Unable to proxy interface-implementing method [public final void org.springframework.web.filter.GenericFilterBean.init(jakarta.servlet.FilterConfig) throws jakarta.servlet.ServletException] because it is marked as final, consider using interface-based JDK proxies instead.
2026-05-20 09:35:26 [INFO] o.s.b.web.servlet.RegistrationBean - Filter jwtFilterRegistration was not registered (disabled)
2026-05-20 09:35:26 [INFO] o.h.jpa.internal.util.LogHelper - HHH000204: Processing PersistenceUnitInfo [name: default]
2026-05-20 09:35:27 [INFO] org.hibernate.Version - HHH000412: Hibernate ORM core version 6.6.49.Final
2026-05-20 09:35:27 [INFO] o.h.c.i.RegionFactoryInitiator - HHH000026: Second-level cache disabled
2026-05-20 09:35:27 [INFO] o.s.o.j.p.SpringPersistenceUnitInfo - No LoadTimeWeaver setup: ignoring JPA class transformer
2026-05-20 09:35:27 [INFO] com.zaxxer.hikari.HikariDataSource - HikariPool-1 - Starting...
2026-05-20 09:35:27 [INFO] com.zaxxer.hikari.pool.HikariPool - HikariPool-1 - Added connection com.mysql.cj.jdbc.ConnectionImpl@5a5c2889
2026-05-20 09:35:27 [INFO] com.zaxxer.hikari.HikariDataSource - HikariPool-1 - Start completed.
2026-05-20 09:35:27 [WARN] org.hibernate.orm.deprecation - HHH90000025: MySQLDialect does not need to be specified explicitly using 'hibernate.dialect' (remove the property setting and it will be selected by default)
2026-05-20 09:35:27 [INFO] o.hibernate.orm.connections.pooling - HHH10001005: Database info:
	Database JDBC URL [Connecting through datasource 'HikariDataSource (HikariPool-1)']
	Database driver: undefined/unknown
	Database version: 8.0.44
	Autocommit mode: undefined/unknown
	Isolation level: undefined/unknown
	Minimum pool size: undefined/unknown
	Maximum pool size: undefined/unknown
2026-05-20 09:35:28 [INFO] o.h.m.i.EntityInstantiatorPojoStandard - HHH000182: No default (no-argument) constructor for class: com.issue_service.entity.IssueItem (class must be instantiated by Interceptor)
2026-05-20 09:35:28 [INFO] o.h.e.t.j.p.i.JtaPlatformInitiator - HHH000489: No JTA platform available (set 'hibernate.transaction.jta.platform' to enable JTA platform integration)
2026-05-20 09:35:29 [INFO] o.s.o.j.LocalContainerEntityManagerFactoryBean - Initialized JPA EntityManagerFactory for persistence unit 'default'
2026-05-20 09:35:29 [WARN] o.s.b.a.o.j.JpaBaseConfiguration$JpaWebConfiguration - spring.jpa.open-in-view is enabled by default. Therefore, database queries may be performed during view rendering. Explicitly configure spring.jpa.open-in-view to disable this warning
2026-05-20 09:35:30 [INFO] o.s.c.o.FeignClientFactoryBean - For 'inventory-service' URL not provided. Will try picking an instance via load-balancing.
2026-05-20 09:35:30 [INFO] o.s.c.o.FeignClientFactoryBean - For 'request-service' URL not provided. Will try picking an instance via load-balancing.
2026-05-20 09:35:30 [WARN] o.s.b.a.s.s.UserDetailsServiceAutoConfiguration - 

Using generated security password: 9a2abe3b-e2fa-48d6-ad15-d6822b02a0f4

This generated password is for development use only. Your security configuration must be updated before running your application in production.

2026-05-20 09:35:30 [INFO] o.s.s.c.a.a.c.InitializeUserDetailsBeanManagerConfigurer$InitializeUserDetailsManagerConfigurer - Global AuthenticationManager configured with UserDetailsService bean with name inMemoryUserDetailsManager
2026-05-20 09:35:31 [INFO] o.s.b.a.e.web.EndpointLinksResolver - Exposing 1 endpoint beneath base path '/actuator'
2026-05-20 09:35:31 [INFO] o.s.c.n.e.c.DiscoveryClientOptionalArgsConfiguration - Eureka HTTP Client uses RestTemplate.
2026-05-20 09:35:32 [WARN] o.s.c.l.c.LoadBalancerCacheAutoConfiguration$LoadBalancerCaffeineWarnLogger - Spring Cloud LoadBalancer is currently working with the default cache. While this cache implementation is useful for development and tests, it's recommended to use Caffeine cache in production.You can switch to using Caffeine cache, by adding it and org.springframework.cache.caffeine.CaffeineCacheManager to the classpath.
2026-05-20 09:35:32 [INFO] o.s.c.n.eureka.InstanceInfoFactory - Setting initial instance status as: STARTING
2026-05-20 09:35:32 [INFO] c.netflix.discovery.DiscoveryClient - Initializing Eureka in region us-east-1
2026-05-20 09:35:32 [INFO] c.n.d.s.r.aws.ConfigClusterResolver - Resolving eureka endpoints via configuration
2026-05-20 09:35:32 [INFO] c.netflix.discovery.DiscoveryClient - Disable delta property : false
2026-05-20 09:35:32 [INFO] c.netflix.discovery.DiscoveryClient - Single vip registry refresh property : null
2026-05-20 09:35:32 [INFO] c.netflix.discovery.DiscoveryClient - Force full registry fetch : false
2026-05-20 09:35:32 [INFO] c.netflix.discovery.DiscoveryClient - Application is null : false
2026-05-20 09:35:32 [INFO] c.netflix.discovery.DiscoveryClient - Registered Applications size is zero : true
2026-05-20 09:35:32 [INFO] c.netflix.discovery.DiscoveryClient - Application version is -1: true
2026-05-20 09:35:32 [INFO] c.netflix.discovery.DiscoveryClient - Getting all instance registry info from the eureka server
2026-05-20 09:35:32 [INFO] c.netflix.discovery.DiscoveryClient - The response status is 200
2026-05-20 09:35:32 [INFO] c.netflix.discovery.DiscoveryClient - Starting heartbeat executor: renew interval is: 30
2026-05-20 09:35:32 [INFO] c.n.discovery.InstanceInfoReplicator - InstanceInfoReplicator onDemand update allowed rate per min is 4
2026-05-20 09:35:32 [INFO] c.netflix.discovery.DiscoveryClient - Discovery Client initialized at timestamp 1779249932591 with initial instances count: 4
2026-05-20 09:35:32 [INFO] o.s.c.n.e.s.EurekaServiceRegistry - Registering application ISSUE-SERVICE with eureka with status UP
2026-05-20 09:35:32 [INFO] c.netflix.discovery.DiscoveryClient - Saw local status change event StatusChangeEvent [timestamp=1779249932602, current=UP, previous=STARTING]
2026-05-20 09:35:32 [INFO] c.netflix.discovery.DiscoveryClient - DiscoveryClient_ISSUE-SERVICE/satvikkr:issue-service:8084: registering service...
2026-05-20 09:35:32 [INFO] o.s.b.w.e.tomcat.TomcatWebServer - Tomcat started on port 8084 (http) with context path '/'
2026-05-20 09:35:32 [INFO] o.s.c.n.e.s.EurekaAutoServiceRegistration - Updating port to 8084
2026-05-20 09:35:32 [INFO] c.i.IssueServiceApplication - Started IssueServiceApplication in 10.893 seconds (process running for 13.916)
2026-05-20 09:35:32 [INFO] c.netflix.discovery.DiscoveryClient - DiscoveryClient_ISSUE-SERVICE/satvikkr:issue-service:8084 - registration status: 204
2026-05-20 09:40:32 [INFO] c.n.d.s.r.aws.ConfigClusterResolver - Resolving eureka endpoints via configuration
2026-05-20 09:45:32 [INFO] c.n.d.s.r.aws.ConfigClusterResolver - Resolving eureka endpoints via configuration
2026-05-20 09:50:32 [INFO] c.n.d.s.r.aws.ConfigClusterResolver - Resolving eureka endpoints via configuration
2026-05-20 09:55:32 [INFO] c.n.d.s.r.aws.ConfigClusterResolver - Resolving eureka endpoints via configuration
2026-05-20 10:00:32 [INFO] c.n.d.s.r.aws.ConfigClusterResolver - Resolving eureka endpoints via configuration
2026-05-20 10:05:32 [INFO] c.n.d.s.r.aws.ConfigClusterResolver - Resolving eureka endpoints via configuration
2026-05-20 10:10:32 [INFO] c.n.d.s.r.aws.ConfigClusterResolver - Resolving eureka endpoints via configuration
2026-05-20 10:15:32 [INFO] c.n.d.s.r.aws.ConfigClusterResolver - Resolving eureka endpoints via configuration
2026-05-20 10:20:32 [INFO] c.n.d.s.r.aws.ConfigClusterResolver - Resolving eureka endpoints via configuration
2026-05-20 10:25:32 [INFO] c.n.d.s.r.aws.ConfigClusterResolver - Resolving eureka endpoints via configuration
2026-05-20 10:30:32 [INFO] c.n.d.s.r.aws.ConfigClusterResolver - Resolving eureka endpoints via configuration
2026-05-20 10:35:32 [INFO] c.n.d.s.r.aws.ConfigClusterResolver - Resolving eureka endpoints via configuration
2026-05-20 10:40:32 [INFO] c.n.d.s.r.aws.ConfigClusterResolver - Resolving eureka endpoints via configuration
2026-05-20 10:45:32 [INFO] c.n.d.s.r.aws.ConfigClusterResolver - Resolving eureka endpoints via configuration
2026-05-20 10:56:05 [WARN] com.zaxxer.hikari.pool.HikariPool - HikariPool-1 - Thread starvation or clock leap detected (housekeeper delta=10m6s571ms785µs400ns).
2026-05-20 11:00:09 [INFO] c.n.d.s.r.aws.ConfigClusterResolver - Resolving eureka endpoints via configuration
2026-05-20 11:05:09 [INFO] c.n.d.s.r.aws.ConfigClusterResolver - Resolving eureka endpoints via configuration
2026-05-20 11:10:09 [INFO] c.n.d.s.r.aws.ConfigClusterResolver - Resolving eureka endpoints via configuration
2026-05-20 11:15:09 [INFO] c.n.d.s.r.aws.ConfigClusterResolver - Resolving eureka endpoints via configuration
2026-05-20 11:20:09 [INFO] c.n.d.s.r.aws.ConfigClusterResolver - Resolving eureka endpoints via configuration
2026-05-20 11:25:09 [INFO] c.n.d.s.r.aws.ConfigClusterResolver - Resolving eureka endpoints via configuration
2026-05-20 11:30:09 [INFO] c.n.d.s.r.aws.ConfigClusterResolver - Resolving eureka endpoints via configuration
2026-05-20 11:35:09 [INFO] c.n.d.s.r.aws.ConfigClusterResolver - Resolving eureka endpoints via configuration
2026-05-20 11:40:09 [INFO] c.n.d.s.r.aws.ConfigClusterResolver - Resolving eureka endpoints via configuration
2026-05-20 11:45:09 [INFO] c.n.d.s.r.aws.ConfigClusterResolver - Resolving eureka endpoints via configuration
2026-05-20 11:50:09 [INFO] c.n.d.s.r.aws.ConfigClusterResolver - Resolving eureka endpoints via configuration
2026-05-20 11:55:09 [INFO] c.n.d.s.r.aws.ConfigClusterResolver - Resolving eureka endpoints via configuration
2026-05-20 12:00:09 [INFO] c.n.d.s.r.aws.ConfigClusterResolver - Resolving eureka endpoints via configuration
2026-05-20 12:05:09 [INFO] c.n.d.s.r.aws.ConfigClusterResolver - Resolving eureka endpoints via configuration
2026-05-20 12:10:09 [INFO] c.n.d.s.r.aws.ConfigClusterResolver - Resolving eureka endpoints via configuration
2026-05-20 12:37:55 [WARN] com.zaxxer.hikari.pool.HikariPool - HikariPool-1 - Thread starvation or clock leap detected (housekeeper delta=24m19s177ms75µs100ns).
2026-05-20 12:38:59 [INFO] c.n.d.s.r.aws.ConfigClusterResolver - Resolving eureka endpoints via configuration
2026-05-20 12:43:59 [INFO] c.n.d.s.r.aws.ConfigClusterResolver - Resolving eureka endpoints via configuration
2026-05-20 12:48:59 [INFO] c.n.d.s.r.aws.ConfigClusterResolver - Resolving eureka endpoints via configuration
2026-05-20 12:53:59 [INFO] c.n.d.s.r.aws.ConfigClusterResolver - Resolving eureka endpoints via configuration
2026-05-20 12:58:59 [INFO] c.n.d.s.r.aws.ConfigClusterResolver - Resolving eureka endpoints via configuration
2026-05-20 13:03:59 [INFO] c.n.d.s.r.aws.ConfigClusterResolver - Resolving eureka endpoints via configuration
2026-05-20 13:08:59 [INFO] c.n.d.s.r.aws.ConfigClusterResolver - Resolving eureka endpoints via configuration
2026-05-20 14:14:09 [WARN] com.zaxxer.hikari.pool.HikariPool - HikariPool-1 - Thread starvation or clock leap detected (housekeeper delta=1h43s450ms842µs200ns).
2026-05-20 14:14:30 [INFO] c.n.d.s.r.aws.ConfigClusterResolver - Resolving eureka endpoints via configuration
2026-05-20 14:19:30 [INFO] c.n.d.s.r.aws.ConfigClusterResolver - Resolving eureka endpoints via configuration
2026-05-20 14:24:30 [INFO] c.n.d.s.r.aws.ConfigClusterResolver - Resolving eureka endpoints via configuration
2026-05-20 14:29:30 [INFO] c.n.d.s.r.aws.ConfigClusterResolver - Resolving eureka endpoints via configuration
2026-05-20 14:34:30 [INFO] c.n.d.s.r.aws.ConfigClusterResolver - Resolving eureka endpoints via configuration
2026-05-20 14:39:30 [INFO] c.n.d.s.r.aws.ConfigClusterResolver - Resolving eureka endpoints via configuration
2026-05-20 14:44:30 [INFO] c.n.d.s.r.aws.ConfigClusterResolver - Resolving eureka endpoints via configuration
2026-05-20 14:49:30 [INFO] c.n.d.s.r.aws.ConfigClusterResolver - Resolving eureka endpoints via configuration
2026-05-20 14:54:30 [INFO] c.n.d.s.r.aws.ConfigClusterResolver - Resolving eureka endpoints via configuration
2026-05-20 14:59:30 [INFO] c.n.d.s.r.aws.ConfigClusterResolver - Resolving eureka endpoints via configuration
2026-05-20 15:04:30 [INFO] c.n.d.s.r.aws.ConfigClusterResolver - Resolving eureka endpoints via configuration
2026-05-20 15:09:30 [INFO] c.n.d.s.r.aws.ConfigClusterResolver - Resolving eureka endpoints via configuration
2026-05-20 15:14:30 [INFO] c.n.d.s.r.aws.ConfigClusterResolver - Resolving eureka endpoints via configuration
2026-05-20 15:19:30 [INFO] c.n.d.s.r.aws.ConfigClusterResolver - Resolving eureka endpoints via configuration
2026-05-20 15:24:30 [INFO] c.n.d.s.r.aws.ConfigClusterResolver - Resolving eureka endpoints via configuration
2026-05-20 15:29:30 [INFO] c.n.d.s.r.aws.ConfigClusterResolver - Resolving eureka endpoints via configuration
2026-05-20 15:34:30 [INFO] c.n.d.s.r.aws.ConfigClusterResolver - Resolving eureka endpoints via configuration
2026-05-20 15:39:30 [INFO] c.n.d.s.r.aws.ConfigClusterResolver - Resolving eureka endpoints via configuration
2026-05-20 15:44:30 [INFO] c.n.d.s.r.aws.ConfigClusterResolver - Resolving eureka endpoints via configuration
2026-05-20 15:47:51 [INFO] o.a.c.c.C.[Tomcat].[localhost].[/] - Initializing Spring DispatcherServlet 'dispatcherServlet'
2026-05-20 15:47:51 [INFO] o.s.web.servlet.DispatcherServlet - Initializing Servlet 'dispatcherServlet'
2026-05-20 15:47:51 [INFO] o.s.web.servlet.DispatcherServlet - Completed initialization in 166 ms
2026-05-20 15:47:53 [INFO] o.s.api.AbstractOpenApiResource - Init duration for springdoc-openapi is: 1801 ms
2026-05-20 15:49:30 [INFO] c.n.d.s.r.aws.ConfigClusterResolver - Resolving eureka endpoints via configuration
2026-05-20 15:54:30 [INFO] c.n.d.s.r.aws.ConfigClusterResolver - Resolving eureka endpoints via configuration
2026-05-20 15:59:30 [INFO] c.n.d.s.r.aws.ConfigClusterResolver - Resolving eureka endpoints via configuration
2026-05-20 16:04:30 [INFO] c.n.d.s.r.aws.ConfigClusterResolver - Resolving eureka endpoints via configuration
2026-05-20 16:09:31 [INFO] c.n.d.s.r.aws.ConfigClusterResolver - Resolving eureka endpoints via configuration
2026-05-20 16:14:31 [INFO] c.n.d.s.r.aws.ConfigClusterResolver - Resolving eureka endpoints via configuration
